/*C4*/SET SCHEMA PUBLIC
CREATE TABLE IF NOT EXISTS files(file_id VARCHAR(200),                    file_path   VARCHAR(200),                     file_name   VARCHAR(200),                     file_hash   VARCHAR(200), \u0009\u0009\u0009\u0009\u0009  file_state   VARCHAR(200),                   last_local_update      TIMESTAMP,                    last_server_update     TIMESTAMP,                    user_id\u0009  VARCHAR(200),                    shared_with\u0009  VARCHAR(200),                    primary key(file_id)                  ) 
DISCONNECT
/*C5*/SET SCHEMA PUBLIC
INSERT INTO FILES VALUES('1e43838086c73c62debd8466cb0bb7b5','','dev1-1.tif','269e9f81e0eba77826c928d6bfca1bf4','CREATE','2014-08-06 13:37:35.000000',NULL,'ali',NULL)
COMMIT
INSERT INTO FILES VALUES('5b6464c26cbcd464d1df3f3d86a0cad1','','dev1-1.tif','d41d8cd98f00b204e9800998ecf8427e','CREATE','2014-08-06 13:45:04.956000',NULL,'ali',NULL)
COMMIT
DELETE FROM FILES WHERE FILE_ID='1e43838086c73c62debd8466cb0bb7b5'
INSERT INTO FILES VALUES('1e43838086c73c62debd8466cb0bb7b5','','dev1-1.tif','d53914b041b3d3b0a255bf802ebe4255','MODIFY','2014-08-06 13:45:04.956000',NULL,'ali',NULL)
COMMIT
DELETE FROM FILES WHERE FILE_ID='1e43838086c73c62debd8466cb0bb7b5'
INSERT INTO FILES VALUES('1e43838086c73c62debd8466cb0bb7b5','','dev1-1.tif','269e9f81e0eba77826c928d6bfca1bf4','MODIFY','2014-08-06 13:45:05.701000',NULL,'ali',NULL)
COMMIT
DELETE FROM FILES WHERE FILE_ID='5b6464c26cbcd464d1df3f3d86a0cad1'
INSERT INTO FILES VALUES('5b6464c26cbcd464d1df3f3d86a0cad1','','dev1-1.tif','d41d8cd98f00b204e9800998ecf8427e','','2014-08-06 13:45:04.956000','2014-08-06 13:45:04.956000','ali',NULL)
COMMIT
DELETE FROM FILES WHERE FILE_ID='1e43838086c73c62debd8466cb0bb7b5'
INSERT INTO FILES VALUES('1e43838086c73c62debd8466cb0bb7b5','','dev1-1.tif','269e9f81e0eba77826c928d6bfca1bf4','','2014-08-06 13:45:05.701000','2014-08-06 13:45:04.956000','ali',NULL)
COMMIT
INSERT INTO FILES VALUES('3d2b978678b973dd0d535d9b02bd86b7','','hh.txt','7bbd56270ef45ba5a7826d95a2f151cf','CREATE','2014-08-06 13:23:07.000000',NULL,'ali',NULL)
COMMIT
INSERT INTO FILES VALUES('444ebd2883d6ef505963aba268284324','','hh.txt','d41d8cd98f00b204e9800998ecf8427e','CREATE','2014-08-06 13:45:11.311000',NULL,'ali',NULL)
COMMIT
DELETE FROM FILES WHERE FILE_ID='1e43838086c73c62debd8466cb0bb7b5'
INSERT INTO FILES VALUES('1e43838086c73c62debd8466cb0bb7b5','','dev1-1.tif','269e9f81e0eba77826c928d6bfca1bf4','','2014-08-06 13:45:05.701000','2014-08-06 13:45:05.701000','ali',NULL)
COMMIT
DELETE FROM FILES WHERE FILE_ID='444ebd2883d6ef505963aba268284324'
INSERT INTO FILES VALUES('444ebd2883d6ef505963aba268284324','','hh.txt','d41d8cd98f00b204e9800998ecf8427e','','2014-08-06 13:45:11.311000','2014-08-06 13:45:11.311000','ali',NULL)
COMMIT
INSERT INTO FILES VALUES('575abbaaef0b3e290e4b15ccb33478d3','','IMG-20120504-00011.jpg','3ad17e4cf95e860c54e5be7116b36d81','CREATE','2014-08-05 23:39:39.000000',NULL,'ali',NULL)
COMMIT
INSERT INTO FILES VALUES('db7a8c07a5efec72f5bb8b441bf7f053','','IMG-20120504-00011.jpg','d41d8cd98f00b204e9800998ecf8427e','CREATE','2014-08-06 13:45:17.139000',NULL,'ali',NULL)
COMMIT
DELETE FROM FILES WHERE FILE_ID='575abbaaef0b3e290e4b15ccb33478d3'
INSERT INTO FILES VALUES('575abbaaef0b3e290e4b15ccb33478d3','','IMG-20120504-00011.jpg','1972380ae1dfda36a5236fdcedf9c1c0','MODIFY','2014-08-06 13:45:17.139000',NULL,'ali',NULL)
COMMIT
DELETE FROM FILES WHERE FILE_ID='db7a8c07a5efec72f5bb8b441bf7f053'
INSERT INTO FILES VALUES('db7a8c07a5efec72f5bb8b441bf7f053','','IMG-20120504-00011.jpg','d41d8cd98f00b204e9800998ecf8427e','','2014-08-06 13:45:17.139000','2014-08-06 13:45:17.139000','ali',NULL)
COMMIT
DELETE FROM FILES WHERE FILE_ID='575abbaaef0b3e290e4b15ccb33478d3'
INSERT INTO FILES VALUES('575abbaaef0b3e290e4b15ccb33478d3','','IMG-20120504-00011.jpg','3ad17e4cf95e860c54e5be7116b36d81','MODIFY','2014-08-06 13:45:20.856000',NULL,'ali',NULL)
COMMIT
DELETE FROM FILES WHERE FILE_ID='575abbaaef0b3e290e4b15ccb33478d3'
INSERT INTO FILES VALUES('575abbaaef0b3e290e4b15ccb33478d3','','IMG-20120504-00011.jpg','3ad17e4cf95e860c54e5be7116b36d81','','2014-08-06 13:45:20.856000','2014-08-06 13:45:17.139000','ali',NULL)
COMMIT
DELETE FROM FILES WHERE FILE_ID='575abbaaef0b3e290e4b15ccb33478d3'
INSERT INTO FILES VALUES('575abbaaef0b3e290e4b15ccb33478d3','','IMG-20120504-00011.jpg','3ad17e4cf95e860c54e5be7116b36d81','','2014-08-06 13:45:20.856000','2014-08-06 13:45:20.856000','ali',NULL)
COMMIT
INSERT INTO FILES VALUES('eb8735249c513f19d39c8b7d0419d8c0','','Source.c','33cd369f70a534d905bbd47c1ee50a0b','CREATE','2014-08-06 13:40:30.000000',NULL,'ali',NULL)
COMMIT
INSERT INTO FILES VALUES('3e6d1788009fa2f256b48e8001d6c55','','Source.c','d41d8cd98f00b204e9800998ecf8427e','CREATE','2014-08-06 13:45:26.533000',NULL,'ali',NULL)
COMMIT
DELETE FROM FILES WHERE FILE_ID='3e6d1788009fa2f256b48e8001d6c55'
INSERT INTO FILES VALUES('3e6d1788009fa2f256b48e8001d6c55','','Source.c','33cd369f70a534d905bbd47c1ee50a0b','MODIFY','2014-08-06 13:45:26.909000',NULL,'ali',NULL)
COMMIT
DELETE FROM FILES WHERE FILE_ID='3e6d1788009fa2f256b48e8001d6c55'
INSERT INTO FILES VALUES('3e6d1788009fa2f256b48e8001d6c55','','Source.c','33cd369f70a534d905bbd47c1ee50a0b','','2014-08-06 13:45:26.909000','2014-08-06 13:45:26.533000','ali',NULL)
COMMIT
DELETE FROM FILES WHERE FILE_ID='3e6d1788009fa2f256b48e8001d6c55'
INSERT INTO FILES VALUES('3e6d1788009fa2f256b48e8001d6c55','','Source.c','33cd369f70a534d905bbd47c1ee50a0b','','2014-08-06 13:45:26.909000','2014-08-06 13:45:26.909000','ali',NULL)
COMMIT
INSERT INTO FILES VALUES('4903eccfec500171a5872f4d66ffc797','','dev2-1.tif','d41d8cd98f00b204e9800998ecf8427e','CREATE','2014-08-06 13:37:46.000000',NULL,'ali',NULL)
COMMIT
DELETE FROM FILES WHERE FILE_ID='4903eccfec500171a5872f4d66ffc797'
INSERT INTO FILES VALUES('4903eccfec500171a5872f4d66ffc797','','dev2-1.tif','dff3afb43541a2031e4f350e60d4c639','MODIFY','2014-08-06 13:45:32.596000',NULL,'ali',NULL)
COMMIT
DELETE FROM FILES WHERE FILE_ID='4903eccfec500171a5872f4d66ffc797'
INSERT INTO FILES VALUES('4903eccfec500171a5872f4d66ffc797','','dev2-1.tif','820f5029b1c95edc3a2ed6cce5237eae','MODIFY','2014-08-06 13:45:36.203000',NULL,'ali',NULL)
COMMIT
DELETE FROM FILES WHERE FILE_ID='4903eccfec500171a5872f4d66ffc797'
INSERT INTO FILES VALUES('4903eccfec500171a5872f4d66ffc797','','dev2-1.tif','820f5029b1c95edc3a2ed6cce5237eae','','2014-08-06 13:45:36.203000','2014-08-06 13:45:32.596000','ali',NULL)
COMMIT
DELETE FROM FILES WHERE FILE_ID='4903eccfec500171a5872f4d66ffc797'
INSERT INTO FILES VALUES('4903eccfec500171a5872f4d66ffc797','','dev2-1.tif','820f5029b1c95edc3a2ed6cce5237eae','','2014-08-06 13:45:36.203000','2014-08-06 13:45:36.203000','ali',NULL)
COMMIT
INSERT INTO FILES VALUES('23fc9ecbfb273f7058311e8140e7f0e7','','dev5-1.tif','5603892d715481e3bb07288fd2490a38','CREATE','2014-08-06 12:17:00.000000',NULL,'ali',NULL)
COMMIT
INSERT INTO FILES VALUES('fce5d73fa1d2f058d4e85ff18e642c82','','dev5-1.tif','d41d8cd98f00b204e9800998ecf8427e','CREATE','2014-08-06 13:45:41.894000',NULL,'ali',NULL)
COMMIT
DELETE FROM FILES WHERE FILE_ID='fce5d73fa1d2f058d4e85ff18e642c82'
INSERT INTO FILES VALUES('fce5d73fa1d2f058d4e85ff18e642c82','','dev5-1.tif','d41d8cd98f00b204e9800998ecf8427e','','2014-08-06 13:45:41.894000','2014-08-06 13:45:41.894000','ali',NULL)
COMMIT
INSERT INTO FILES VALUES('8ab9970bb595d76f6359a830dd1520aa','','dev1-1.tif','d41d8cd98f00b204e9800998ecf8427e','CREATE','2014-08-06 13:40:07.000000',NULL,'ali',NULL)
COMMIT
INSERT INTO FILES VALUES('e30cad2317d2fb945629aa88b1735853','','Source.c','33cd369f70a534d905bbd47c1ee50a0b','CREATE','2014-04-02 22:48:51.000000',NULL,'ali',NULL)
COMMIT
INSERT INTO FILES VALUES('f0590dfd8f89faf649318553d7456045','','Source.c','33cd369f70a534d905bbd47c1ee50a0b','CREATE','2014-08-06 12:08:46.000000',NULL,'ali',NULL)
COMMIT
INSERT INTO FILES VALUES('867a0853a8ed36f960a8e5a12f68985a','','dev5-1.tif','d41d8cd98f00b204e9800998ecf8427e','CREATE','2014-08-05 20:45:52.000000',NULL,'ali',NULL)
COMMIT
INSERT INTO FILES VALUES('74899d9185b45260eb1248e8c0100b51','','Source.c','33cd369f70a534d905bbd47c1ee50a0b','CREATE','2014-08-06 13:37:29.000000',NULL,'ali',NULL)
COMMIT
INSERT INTO FILES VALUES('673e0a5056d73782afd584d9e068dd5b','','AliKashefianNaieni.jpg','d41d8cd98f00b204e9800998ecf8427e','CREATE','2014-08-05 23:31:11.000000',NULL,'ali',NULL)
COMMIT
DELETE FROM FILES WHERE FILE_ID='673e0a5056d73782afd584d9e068dd5b'
INSERT INTO FILES VALUES('673e0a5056d73782afd584d9e068dd5b','','AliKashefianNaieni.jpg','80da0837742bd80381f9e17d1ea51af3','MODIFY','2014-08-06 13:46:18.458000',NULL,'ali',NULL)
COMMIT
INSERT INTO FILES VALUES('37c665d6f56e484575048b46d4fb622b','','ali_conflict_dev1-1.tif','d41d8cd98f00b204e9800998ecf8427e','CREATE','2014-08-06 13:41:50.000000',NULL,'ali',NULL)
COMMIT
DELETE FROM FILES WHERE FILE_ID='673e0a5056d73782afd584d9e068dd5b'
INSERT INTO FILES VALUES('673e0a5056d73782afd584d9e068dd5b','','AliKashefianNaieni.jpg','80da0837742bd80381f9e17d1ea51af3','','2014-08-06 13:46:18.458000','2014-08-06 13:46:18.458000','ali',NULL)
COMMIT
DELETE FROM FILES WHERE FILE_ID='37c665d6f56e484575048b46d4fb622b'
INSERT INTO FILES VALUES('37c665d6f56e484575048b46d4fb622b','','ali_conflict_dev1-1.tif','2bae977af4ba1eefbe81ab87c67292dc','MODIFY','2014-08-06 13:46:24.391000',NULL,'ali',NULL)
COMMIT
DELETE FROM FILES WHERE FILE_ID='37c665d6f56e484575048b46d4fb622b'
INSERT INTO FILES VALUES('37c665d6f56e484575048b46d4fb622b','','ali_conflict_dev1-1.tif','269e9f81e0eba77826c928d6bfca1bf4','MODIFY','2014-08-06 13:46:27.632000',NULL,'ali',NULL)
COMMIT
DELETE FROM FILES WHERE FILE_ID='37c665d6f56e484575048b46d4fb622b'
INSERT INTO FILES VALUES('37c665d6f56e484575048b46d4fb622b','','ali_conflict_dev1-1.tif','269e9f81e0eba77826c928d6bfca1bf4','','2014-08-06 13:46:27.632000','2014-08-06 13:46:24.391000','ali',NULL)
COMMIT
DELETE FROM FILES WHERE FILE_ID='37c665d6f56e484575048b46d4fb622b'
INSERT INTO FILES VALUES('37c665d6f56e484575048b46d4fb622b','','ali_conflict_dev1-1.tif','269e9f81e0eba77826c928d6bfca1bf4','','2014-08-06 13:46:27.632000','2014-08-06 13:46:27.632000','ali',NULL)
COMMIT
INSERT INTO FILES VALUES('6ae162f35656010846eb3ef5f3f2ad6','','test.txt','d41d8cd98f00b204e9800998ecf8427e','CREATE','2014-08-05 14:32:37.000000',NULL,'ali',NULL)
COMMIT
INSERT INTO FILES VALUES('c5a24af0d39ec0ad3bc7140a1cd26cd4','','hh.txt','d41d8cd98f00b204e9800998ecf8427e','CREATE','2014-08-06 13:37:17.000000',NULL,'ali',NULL)
COMMIT
INSERT INTO FILES VALUES('631aa82e8714af1af417baa240828c59','','dev7-1.tif','1b6e43e6708bc29e3d6ab4e5c4fa353b','CREATE','2013-12-28 11:49:50.000000',NULL,'ali',NULL)
COMMIT
INSERT INTO FILES VALUES('cf57c4dc2eb893f00efb6538b17c237f','','dev7-1.tif','d41d8cd98f00b204e9800998ecf8427e','CREATE','2014-08-06 13:46:45.069000',NULL,'ali',NULL)
COMMIT
DELETE FROM FILES WHERE FILE_ID='cf57c4dc2eb893f00efb6538b17c237f'
INSERT INTO FILES VALUES('cf57c4dc2eb893f00efb6538b17c237f','','dev7-1.tif','d41d8cd98f00b204e9800998ecf8427e','','2014-08-06 13:46:45.069000','2014-08-06 13:46:45.069000','ali',NULL)
COMMIT
INSERT INTO FILES VALUES('bbf18f8f72e05c8ac398c5f10a5e732','','dev1-1.tif','d41d8cd98f00b204e9800998ecf8427e','CREATE','2014-08-06 13:41:40.000000',NULL,'ali',NULL)
COMMIT
INSERT INTO FILES VALUES('559181b3665dfd1b457f94fab1db07bc','','dev1-1.tif','269e9f81e0eba77826c928d6bfca1bf4','CREATE','2014-08-06 13:09:25.000000',NULL,'ali',NULL)
COMMIT
INSERT INTO FILES VALUES('5dcb321a516503d986b435400dd7332e','','dev5-1.tif','d41d8cd98f00b204e9800998ecf8427e','CREATE','2014-08-06 13:40:24.000000',NULL,'ali',NULL)
COMMIT
INSERT INTO FILES VALUES('9425e927b18d73964c39c801ad64cf7','','dev5-1.tif','d41d8cd98f00b204e9800998ecf8427e','CREATE','2014-08-06 13:37:22.000000',NULL,'ali',NULL)
COMMIT
INSERT INTO FILES VALUES('95de1c8a6d1ee6fc21ed1ce789352654','','dev7-1.tif','1b6e43e6708bc29e3d6ab4e5c4fa353b','CREATE','2014-08-05 21:13:37.000000',NULL,'ali',NULL)
COMMIT
INSERT INTO FILES VALUES('fa346428774933103feb5632f4f78b50','','hh.txt','d41d8cd98f00b204e9800998ecf8427e','CREATE','2014-08-06 13:31:42.000000',NULL,'ali',NULL)
COMMIT
INSERT INTO FILES VALUES('93cac872ae9cd9e496cbdd5044c95830','','AliKashefianNaieni.jpg','80da0837742bd80381f9e17d1ea51af3','CREATE','2013-09-11 23:55:56.000000',NULL,'ali',NULL)
COMMIT
INSERT INTO FILES VALUES('fed58d04de41939982d4a3580ed14327','','AliK-logo.png','22d58614190351091b7314a249f3b554','CREATE','2013-06-16 20:02:17.000000',NULL,'ali',NULL)
COMMIT
INSERT INTO FILES VALUES('da8a3493d60cc9e352c97503c1b48a93','','AliK-logo.png','d41d8cd98f00b204e9800998ecf8427e','CREATE','2014-08-06 13:47:32.401000',NULL,'ali',NULL)
COMMIT
DELETE FROM FILES WHERE FILE_ID='da8a3493d60cc9e352c97503c1b48a93'
INSERT INTO FILES VALUES('da8a3493d60cc9e352c97503c1b48a93','','AliK-logo.png','d41d8cd98f00b204e9800998ecf8427e','','2014-08-06 13:47:32.401000','2014-08-06 13:47:32.401000','ali',NULL)
COMMIT
INSERT INTO FILES VALUES('2191943968696faa363491c1e3cd56ac','','dev2-1.tif','820f5029b1c95edc3a2ed6cce5237eae','CREATE','2014-08-06 13:26:23.000000',NULL,'ali',NULL)
COMMIT
INSERT INTO FILES VALUES('75327e8b6f4c4a09b6612eff388df489','','hh.txt','d41d8cd98f00b204e9800998ecf8427e','CREATE','2014-08-06 13:40:13.000000',NULL,'ali',NULL)
COMMIT
INSERT INTO FILES VALUES('f142906f806d88935d2f80f85ffdfd5d','','add.txt','d41d8cd98f00b204e9800998ecf8427e','CREATE','2014-08-06 14:40:06.460000',NULL,'ali',NULL)
COMMIT
DELETE FROM FILES WHERE FILE_ID='f142906f806d88935d2f80f85ffdfd5d'
INSERT INTO FILES VALUES('f142906f806d88935d2f80f85ffdfd5d','','add.txt','0c3ebb3235b3b1edb6e7390a4a18d8e9','MODIFY','2014-08-06 14:40:06.547000',NULL,'ali',NULL)
COMMIT
DELETE FROM FILES WHERE FILE_ID='f142906f806d88935d2f80f85ffdfd5d'
INSERT INTO FILES VALUES('f142906f806d88935d2f80f85ffdfd5d','','add.txt','0c3ebb3235b3b1edb6e7390a4a18d8e9','','2014-08-06 14:40:06.547000','2014-08-06 14:40:06.460000','ali',NULL)
COMMIT
DELETE FROM FILES WHERE FILE_ID='f142906f806d88935d2f80f85ffdfd5d'
INSERT INTO FILES VALUES('f142906f806d88935d2f80f85ffdfd5d','','add.txt','0c3ebb3235b3b1edb6e7390a4a18d8e9','','2014-08-06 14:40:06.547000','2014-08-06 14:40:06.547000','ali',NULL)
COMMIT
